<?xml version="1.0" encoding="UTF-8"?>
<!-- Generated by org.testng.reporters.JUnitXMLReporter -->
<testsuite ignored="0" hostname="WIN-8U16CV977LB" failures="0" tests="7" name="Command line test" time="122.427" errors="0" timestamp="22 дек. 2022 01:09:32 GMT">
  <testcase classname="com.by.tests.AddEqualsProductToCartTest" name="testAdditionTwoEqualsProductToCart" time="15.11"/>
  <testcase classname="com.by.tests.AddToCartTest" name="testAdditionToCart" time="12.291"/>
  <testcase classname="com.by.tests.CheckCalculateSumOfProductsInCartTest" name="testCalculateSumOfProductInCart" time="14.098"/>
  <testcase classname="com.by.tests.CheckFilterByBrandTest" name="testFilterByBrand" time="10.807"/>
  <testcase classname="com.by.tests.CheckRemoveProductTest" name="testRemovingProductFromCart" time="16.702"/>
  <testcase classname="com.by.tests.ContinueShoppingTest" name="testContinueShoppingWithHelpButton" time="11.533"/>
  <testcase classname="com.by.tests.SearchProductByNameTest" name="testSearchingByName" time="20.16"/>
</testsuite> <!-- Command line test -->
