<?xml version="1.0" encoding="UTF-8"?>
<testng-results ignored="0" total="7" passed="7" failed="0" skipped="0">
  <reporter-output>
  </reporter-output>
  <suite started-at="2022-12-22T01:07:30Z" name="Command line suite" finished-at="2022-12-22T01:09:32Z" duration-ms="122427">
    <groups>
    </groups>
    <test started-at="2022-12-22T01:07:30Z" name="Command line test" finished-at="2022-12-22T01:09:32Z" duration-ms="122427">
      <class name="com.by.tests.CheckRemoveProductTest">
        <test-method is-config="true" signature="setUp()[pri:0, instance:com.by.tests.CheckRemoveProductTest@553a3d88]" started-at="2022-12-22T01:08:36Z" name="setUp" finished-at="2022-12-22T01:08:38Z" duration-ms="2084" status="PASS">
          <reporter-output>
          </reporter-output>
        </test-method> <!-- setUp -->
        <test-method signature="testRemovingProductFromCart()[pri:0, instance:com.by.tests.CheckRemoveProductTest@553a3d88]" started-at="2022-12-22T01:08:38Z" name="testRemovingProductFromCart" finished-at="2022-12-22T01:08:54Z" duration-ms="16702" status="PASS">
          <reporter-output>
          </reporter-output>
        </test-method> <!-- testRemovingProductFromCart -->
        <test-method is-config="true" signature="stopBrowser()[pri:0, instance:com.by.tests.CheckRemoveProductTest@553a3d88]" started-at="2022-12-22T01:08:54Z" name="stopBrowser" finished-at="2022-12-22T01:08:55Z" duration-ms="257" status="PASS">
          <reporter-output>
          </reporter-output>
        </test-method> <!-- stopBrowser -->
      </class> <!-- com.by.tests.CheckRemoveProductTest -->
      <class name="com.by.tests.AddEqualsProductToCartTest">
        <test-method is-config="true" signature="setUp()[pri:0, instance:com.by.tests.AddEqualsProductToCartTest@569cfc36]" started-at="2022-12-22T01:07:30Z" name="setUp" finished-at="2022-12-22T01:07:34Z" duration-ms="4188" status="PASS">
          <reporter-output>
          </reporter-output>
        </test-method> <!-- setUp -->
        <test-method signature="testAdditionTwoEqualsProductToCart()[pri:0, instance:com.by.tests.AddEqualsProductToCartTest@569cfc36]" started-at="2022-12-22T01:07:34Z" name="testAdditionTwoEqualsProductToCart" finished-at="2022-12-22T01:07:49Z" duration-ms="15110" status="PASS">
          <reporter-output>
          </reporter-output>
        </test-method> <!-- testAdditionTwoEqualsProductToCart -->
        <test-method is-config="true" signature="stopBrowser()[pri:0, instance:com.by.tests.AddEqualsProductToCartTest@569cfc36]" started-at="2022-12-22T01:07:49Z" name="stopBrowser" finished-at="2022-12-22T01:07:50Z" duration-ms="338" status="PASS">
          <reporter-output>
          </reporter-output>
        </test-method> <!-- stopBrowser -->
      </class> <!-- com.by.tests.AddEqualsProductToCartTest -->
      <class name="com.by.tests.ContinueShoppingTest">
        <test-method is-config="true" signature="setUp()[pri:0, instance:com.by.tests.ContinueShoppingTest@7a30d1e6]" started-at="2022-12-22T01:08:55Z" name="setUp" finished-at="2022-12-22T01:08:57Z" duration-ms="2793" status="PASS">
          <reporter-output>
          </reporter-output>
        </test-method> <!-- setUp -->
        <test-method signature="testContinueShoppingWithHelpButton()[pri:0, instance:com.by.tests.ContinueShoppingTest@7a30d1e6]" started-at="2022-12-22T01:08:57Z" name="testContinueShoppingWithHelpButton" finished-at="2022-12-22T01:09:09Z" duration-ms="11533" status="PASS">
          <reporter-output>
          </reporter-output>
        </test-method> <!-- testContinueShoppingWithHelpButton -->
        <test-method is-config="true" signature="stopBrowser()[pri:0, instance:com.by.tests.ContinueShoppingTest@7a30d1e6]" started-at="2022-12-22T01:09:09Z" name="stopBrowser" finished-at="2022-12-22T01:09:09Z" duration-ms="277" status="PASS">
          <reporter-output>
          </reporter-output>
        </test-method> <!-- stopBrowser -->
      </class> <!-- com.by.tests.ContinueShoppingTest -->
      <class name="com.by.tests.SearchProductByNameTest">
        <test-method is-config="true" signature="setUp()[pri:0, instance:com.by.tests.SearchProductByNameTest@5891e32e]" started-at="2022-12-22T01:09:09Z" name="setUp" finished-at="2022-12-22T01:09:12Z" duration-ms="2725" status="PASS">
          <reporter-output>
          </reporter-output>
        </test-method> <!-- setUp -->
        <test-method signature="testSearchingByName()[pri:0, instance:com.by.tests.SearchProductByNameTest@5891e32e]" started-at="2022-12-22T01:09:12Z" name="testSearchingByName" finished-at="2022-12-22T01:09:32Z" duration-ms="20160" status="PASS">
          <reporter-output>
          </reporter-output>
        </test-method> <!-- testSearchingByName -->
        <test-method is-config="true" signature="stopBrowser()[pri:0, instance:com.by.tests.SearchProductByNameTest@5891e32e]" started-at="2022-12-22T01:09:32Z" name="stopBrowser" finished-at="2022-12-22T01:09:32Z" duration-ms="274" status="PASS">
          <reporter-output>
          </reporter-output>
        </test-method> <!-- stopBrowser -->
      </class> <!-- com.by.tests.SearchProductByNameTest -->
      <class name="com.by.tests.CheckCalculateSumOfProductsInCartTest">
        <test-method is-config="true" signature="setUp()[pri:0, instance:com.by.tests.CheckCalculateSumOfProductsInCartTest@33723e30]" started-at="2022-12-22T01:08:05Z" name="setUp" finished-at="2022-12-22T01:08:08Z" duration-ms="2588" status="PASS">
          <reporter-output>
          </reporter-output>
        </test-method> <!-- setUp -->
        <test-method signature="testCalculateSumOfProductInCart()[pri:0, instance:com.by.tests.CheckCalculateSumOfProductsInCartTest@33723e30]" started-at="2022-12-22T01:08:08Z" name="testCalculateSumOfProductInCart" finished-at="2022-12-22T01:08:22Z" duration-ms="14098" status="PASS">
          <reporter-output>
          </reporter-output>
        </test-method> <!-- testCalculateSumOfProductInCart -->
        <test-method is-config="true" signature="stopBrowser()[pri:0, instance:com.by.tests.CheckCalculateSumOfProductsInCartTest@33723e30]" started-at="2022-12-22T01:08:22Z" name="stopBrowser" finished-at="2022-12-22T01:08:22Z" duration-ms="301" status="PASS">
          <reporter-output>
          </reporter-output>
        </test-method> <!-- stopBrowser -->
      </class> <!-- com.by.tests.CheckCalculateSumOfProductsInCartTest -->
      <class name="com.by.tests.AddToCartTest">
        <test-method is-config="true" signature="setUp()[pri:0, instance:com.by.tests.AddToCartTest@43bd930a]" started-at="2022-12-22T01:07:50Z" name="setUp" finished-at="2022-12-22T01:07:53Z" duration-ms="2874" status="PASS">
          <reporter-output>
          </reporter-output>
        </test-method> <!-- setUp -->
        <test-method signature="testAdditionToCart()[pri:0, instance:com.by.tests.AddToCartTest@43bd930a]" started-at="2022-12-22T01:07:53Z" name="testAdditionToCart" finished-at="2022-12-22T01:08:05Z" duration-ms="12291" status="PASS">
          <reporter-output>
          </reporter-output>
        </test-method> <!-- testAdditionToCart -->
        <test-method is-config="true" signature="stopBrowser()[pri:0, instance:com.by.tests.AddToCartTest@43bd930a]" started-at="2022-12-22T01:08:05Z" name="stopBrowser" finished-at="2022-12-22T01:08:05Z" duration-ms="295" status="PASS">
          <reporter-output>
          </reporter-output>
        </test-method> <!-- stopBrowser -->
      </class> <!-- com.by.tests.AddToCartTest -->
      <class name="com.by.tests.CheckFilterByBrandTest">
        <test-method is-config="true" signature="setUp()[pri:0, instance:com.by.tests.CheckFilterByBrandTest@64f6106c]" started-at="2022-12-22T01:08:22Z" name="setUp" finished-at="2022-12-22T01:08:25Z" duration-ms="2424" status="PASS">
          <reporter-output>
          </reporter-output>
        </test-method> <!-- setUp -->
        <test-method signature="testFilterByBrand()[pri:0, instance:com.by.tests.CheckFilterByBrandTest@64f6106c]" started-at="2022-12-22T01:08:25Z" name="testFilterByBrand" finished-at="2022-12-22T01:08:35Z" duration-ms="10807" status="PASS">
          <reporter-output>
          </reporter-output>
        </test-method> <!-- testFilterByBrand -->
        <test-method is-config="true" signature="stopBrowser()[pri:0, instance:com.by.tests.CheckFilterByBrandTest@64f6106c]" started-at="2022-12-22T01:08:35Z" name="stopBrowser" finished-at="2022-12-22T01:08:36Z" duration-ms="275" status="PASS">
          <reporter-output>
          </reporter-output>
        </test-method> <!-- stopBrowser -->
      </class> <!-- com.by.tests.CheckFilterByBrandTest -->
    </test> <!-- Command line test -->
  </suite> <!-- Command line suite -->
</testng-results>
