<?xml version="1.0" encoding="UTF-8"?>
<testng-results ignored="0" total="8" passed="7" failed="1" skipped="0">
  <reporter-output>
  </reporter-output>
  <suite started-at="2022-12-18T22:04:28Z" name="Command line suite" finished-at="2022-12-18T22:05:42Z" duration-ms="74224">
    <groups>
    </groups>
    <test started-at="2022-12-18T22:04:28Z" name="Command line test" finished-at="2022-12-18T22:05:42Z" duration-ms="74224">
      <class name="com.by.tests.SortByNameTest">
        <test-method is-config="true" signature="setUp()[pri:0, instance:com.by.tests.SortByNameTest@1fc2b765]" started-at="2022-12-18T22:05:29Z" name="setUp" finished-at="2022-12-18T22:05:32Z" duration-ms="2426" status="PASS">
          <reporter-output>
          </reporter-output>
        </test-method> <!-- setUp -->
        <test-method signature="testSortingProductByName()[pri:0, instance:com.by.tests.SortByNameTest@1fc2b765]" started-at="2022-12-18T22:05:32Z" name="testSortingProductByName" finished-at="2022-12-18T22:05:36Z" duration-ms="4167" status="PASS">
          <reporter-output>
          </reporter-output>
        </test-method> <!-- testSortingProductByName -->
        <test-method is-config="true" signature="stopBrowser()[pri:0, instance:com.by.tests.SortByNameTest@1fc2b765]" started-at="2022-12-18T22:05:36Z" name="stopBrowser" finished-at="2022-12-18T22:05:37Z" duration-ms="759" status="PASS">
          <reporter-output>
          </reporter-output>
        </test-method> <!-- stopBrowser -->
      </class> <!-- com.by.tests.SortByNameTest -->
      <class name="com.by.tests.LoginTest">
        <test-method is-config="true" signature="setUp()[pri:0, instance:com.by.tests.LoginTest@43738a82]" started-at="2022-12-18T22:05:12Z" name="setUp" finished-at="2022-12-18T22:05:15Z" duration-ms="2847" status="PASS">
          <reporter-output>
          </reporter-output>
        </test-method> <!-- setUp -->
        <test-method signature="testLogin()[pri:0, instance:com.by.tests.LoginTest@43738a82]" started-at="2022-12-18T22:05:15Z" name="testLogin" finished-at="2022-12-18T22:05:20Z" duration-ms="4923" status="PASS">
          <reporter-output>
          </reporter-output>
        </test-method> <!-- testLogin -->
        <test-method is-config="true" signature="stopBrowser()[pri:0, instance:com.by.tests.LoginTest@43738a82]" started-at="2022-12-18T22:05:20Z" name="stopBrowser" finished-at="2022-12-18T22:05:21Z" duration-ms="785" status="PASS">
          <reporter-output>
          </reporter-output>
        </test-method> <!-- stopBrowser -->
      </class> <!-- com.by.tests.LoginTest -->
      <class name="com.by.tests.FilterByMaxPriceTest">
        <test-method is-config="true" signature="setUp()[pri:0, instance:com.by.tests.FilterByMaxPriceTest@51c8530f]" started-at="2022-12-18T22:04:55Z" name="setUp" finished-at="2022-12-18T22:04:58Z" duration-ms="2898" status="PASS">
          <reporter-output>
          </reporter-output>
        </test-method> <!-- setUp -->
        <test-method signature="testFiltrationByMaxPrice()[pri:0, instance:com.by.tests.FilterByMaxPriceTest@51c8530f]" started-at="2022-12-18T22:04:58Z" name="testFiltrationByMaxPrice" finished-at="2022-12-18T22:05:04Z" duration-ms="5754" status="PASS">
          <reporter-output>
          </reporter-output>
        </test-method> <!-- testFiltrationByMaxPrice -->
        <test-method is-config="true" signature="stopBrowser()[pri:0, instance:com.by.tests.FilterByMaxPriceTest@51c8530f]" started-at="2022-12-18T22:05:04Z" name="stopBrowser" finished-at="2022-12-18T22:05:04Z" duration-ms="702" status="PASS">
          <reporter-output>
          </reporter-output>
        </test-method> <!-- stopBrowser -->
      </class> <!-- com.by.tests.FilterByMaxPriceTest -->
      <class name="com.by.tests.FilterByCollectionTest">
        <test-method is-config="true" signature="setUp()[pri:0, instance:com.by.tests.FilterByCollectionTest@13eb8acf]" started-at="2022-12-18T22:04:44Z" name="setUp" finished-at="2022-12-18T22:04:47Z" duration-ms="3523" status="PASS">
          <reporter-output>
          </reporter-output>
        </test-method> <!-- setUp -->
        <test-method signature="testCollectionFilter()[pri:0, instance:com.by.tests.FilterByCollectionTest@13eb8acf]" started-at="2022-12-18T22:04:47Z" name="testCollectionFilter" finished-at="2022-12-18T22:04:54Z" duration-ms="7019" status="PASS">
          <reporter-output>
          </reporter-output>
        </test-method> <!-- testCollectionFilter -->
        <test-method is-config="true" signature="stopBrowser()[pri:0, instance:com.by.tests.FilterByCollectionTest@13eb8acf]" started-at="2022-12-18T22:04:54Z" name="stopBrowser" finished-at="2022-12-18T22:04:55Z" duration-ms="807" status="PASS">
          <reporter-output>
          </reporter-output>
        </test-method> <!-- stopBrowser -->
      </class> <!-- com.by.tests.FilterByCollectionTest -->
      <class name="com.by.tests.FindProductByCodeTest">
        <test-method is-config="true" signature="setUp()[pri:0, instance:com.by.tests.FindProductByCodeTest@7403c468]" started-at="2022-12-18T22:05:04Z" name="setUp" finished-at="2022-12-18T22:05:07Z" duration-ms="2772" status="PASS">
          <reporter-output>
          </reporter-output>
        </test-method> <!-- setUp -->
        <test-method signature="testFindProductByCode()[pri:0, instance:com.by.tests.FindProductByCodeTest@7403c468]" started-at="2022-12-18T22:05:07Z" name="testFindProductByCode" finished-at="2022-12-18T22:05:12Z" duration-ms="4847" status="PASS">
          <reporter-output>
          </reporter-output>
        </test-method> <!-- testFindProductByCode -->
        <test-method is-config="true" signature="stopBrowser()[pri:0, instance:com.by.tests.FindProductByCodeTest@7403c468]" started-at="2022-12-18T22:05:12Z" name="stopBrowser" finished-at="2022-12-18T22:05:12Z" duration-ms="499" status="PASS">
          <reporter-output>
          </reporter-output>
        </test-method> <!-- stopBrowser -->
      </class> <!-- com.by.tests.FindProductByCodeTest -->
      <class name="com.by.tests.AddToFavTest">
        <test-method is-config="true" signature="setUp()[pri:0, instance:com.by.tests.AddToFavTest@543c6f6d]" started-at="2022-12-18T22:04:28Z" name="setUp" finished-at="2022-12-18T22:04:35Z" duration-ms="6916" status="PASS">
          <reporter-output>
          </reporter-output>
        </test-method> <!-- setUp -->
        <test-method signature="testAddTofAV()[pri:0, instance:com.by.tests.AddToFavTest@543c6f6d]" started-at="2022-12-18T22:04:35Z" name="testAddTofAV" finished-at="2022-12-18T22:04:41Z" duration-ms="5955" status="FAIL">
          <exception class="org.openqa.selenium.StaleElementReferenceException">
            <message>
              <![CDATA[stale element reference: element is not attached to the page document
  (Session info: chrome=108.0.5359.100)
For documentation on this error, please visit: http://seleniumhq.org/exceptions/stale_element_reference.html
Build info: version: '3.141.0', revision: '2ecb7d9a', time: '2018-10-31T20:09:30'
System info: host: 'NASTYA-PK', ip: '172.25.224.1', os.name: 'Windows 10', os.arch: 'amd64', os.version: '10.0', java.version: '17.0.2'
Driver info: org.openqa.selenium.chrome.ChromeDriver
Capabilities {acceptInsecureCerts: false, browserName: chrome, browserVersion: 108.0.5359.100, chrome: {chromedriverVersion: 108.0.5359.71 (1e0e3868ee06..., userDataDir: C:\Users\Nastya\AppData\Loc...}, goog:chromeOptions: {debuggerAddress: localhost:61459}, javascriptEnabled: true, networkConnectionEnabled: false, pageLoadStrategy: normal, platform: WINDOWS, platformName: WINDOWS, proxy: Proxy(), setWindowRect: true, strictFileInteractability: false, timeouts: {implicit: 0, pageLoad: 300000, script: 30000}, unhandledPromptBehavior: dismiss and notify, webauthn:extension:credBlob: true, webauthn:extension:largeBlob: true, webauthn:virtualAuthenticators: true}
Session ID: ad62ddb57a70eb242588d3e4eaf3c3b4]]>
            </message>
            <full-stacktrace>
              <![CDATA[org.openqa.selenium.StaleElementReferenceException: stale element reference: element is not attached to the page document
  (Session info: chrome=108.0.5359.100)
For documentation on this error, please visit: http://seleniumhq.org/exceptions/stale_element_reference.html
Build info: version: '3.141.0', revision: '2ecb7d9a', time: '2018-10-31T20:09:30'
System info: host: 'NASTYA-PK', ip: '172.25.224.1', os.name: 'Windows 10', os.arch: 'amd64', os.version: '10.0', java.version: '17.0.2'
Driver info: org.openqa.selenium.chrome.ChromeDriver
Capabilities {acceptInsecureCerts: false, browserName: chrome, browserVersion: 108.0.5359.100, chrome: {chromedriverVersion: 108.0.5359.71 (1e0e3868ee06..., userDataDir: C:\Users\Nastya\AppData\Loc...}, goog:chromeOptions: {debuggerAddress: localhost:61459}, javascriptEnabled: true, networkConnectionEnabled: false, pageLoadStrategy: normal, platform: WINDOWS, platformName: WINDOWS, proxy: Proxy(), setWindowRect: true, strictFileInteractability: false, timeouts: {implicit: 0, pageLoad: 300000, script: 30000}, unhandledPromptBehavior: dismiss and notify, webauthn:extension:credBlob: true, webauthn:extension:largeBlob: true, webauthn:virtualAuthenticators: true}
Session ID: ad62ddb57a70eb242588d3e4eaf3c3b4
at java.base/jdk.internal.reflect.NativeConstructorAccessorImpl.newInstance0(Native Method)
at java.base/jdk.internal.reflect.NativeConstructorAccessorImpl.newInstance(NativeConstructorAccessorImpl.java:77)
at java.base/jdk.internal.reflect.DelegatingConstructorAccessorImpl.newInstance(DelegatingConstructorAccessorImpl.java:45)
at java.base/java.lang.reflect.Constructor.newInstanceWithCaller(Constructor.java:499)
at java.base/java.lang.reflect.Constructor.newInstance(Constructor.java:480)
at org.openqa.selenium.remote.http.W3CHttpResponseCodec.createException(W3CHttpResponseCodec.java:187)
at org.openqa.selenium.remote.http.W3CHttpResponseCodec.decode(W3CHttpResponseCodec.java:122)
at org.openqa.selenium.remote.http.W3CHttpResponseCodec.decode(W3CHttpResponseCodec.java:49)
at org.openqa.selenium.remote.HttpCommandExecutor.execute(HttpCommandExecutor.java:158)
at org.openqa.selenium.remote.service.DriverCommandExecutor.execute(DriverCommandExecutor.java:83)
at org.openqa.selenium.remote.RemoteWebDriver.execute(RemoteWebDriver.java:552)
at org.openqa.selenium.remote.RemoteWebElement.execute(RemoteWebElement.java:285)
at org.openqa.selenium.remote.RemoteWebElement.click(RemoteWebElement.java:84)
at java.base/jdk.internal.reflect.NativeMethodAccessorImpl.invoke0(Native Method)
at java.base/jdk.internal.reflect.NativeMethodAccessorImpl.invoke(NativeMethodAccessorImpl.java:77)
at java.base/jdk.internal.reflect.DelegatingMethodAccessorImpl.invoke(DelegatingMethodAccessorImpl.java:43)
at java.base/java.lang.reflect.Method.invoke(Method.java:568)
at org.openqa.selenium.support.pagefactory.internal.LocatingElementHandler.invoke(LocatingElementHandler.java:51)
at jdk.proxy2/jdk.proxy2.$Proxy24.click(Unknown Source)
at com.by.pages.CatalogPage.openFavPopUp(CatalogPage.java:71)
at com.by.tests.AddToFavTest.testAddTofAV(AddToFavTest.java:20)
at java.base/jdk.internal.reflect.NativeMethodAccessorImpl.invoke0(Native Method)
at java.base/jdk.internal.reflect.NativeMethodAccessorImpl.invoke(NativeMethodAccessorImpl.java:77)
at java.base/jdk.internal.reflect.DelegatingMethodAccessorImpl.invoke(DelegatingMethodAccessorImpl.java:43)
at java.base/java.lang.reflect.Method.invoke(Method.java:568)
at org.testng.internal.MethodInvocationHelper.invokeMethod(MethodInvocationHelper.java:124)
at org.testng.internal.Invoker.invokeMethod(Invoker.java:583)
at org.testng.internal.Invoker.invokeTestMethod(Invoker.java:719)
at org.testng.internal.Invoker.invokeTestMethods(Invoker.java:989)
at org.testng.internal.TestMethodWorker.invokeTestMethods(TestMethodWorker.java:125)
at org.testng.internal.TestMethodWorker.run(TestMethodWorker.java:109)
at org.testng.TestRunner.privateRun(TestRunner.java:648)
at org.testng.TestRunner.run(TestRunner.java:505)
at org.testng.SuiteRunner.runTest(SuiteRunner.java:455)
at org.testng.SuiteRunner.runSequentially(SuiteRunner.java:450)
at org.testng.SuiteRunner.privateRun(SuiteRunner.java:415)
at org.testng.SuiteRunner.run(SuiteRunner.java:364)
at org.testng.SuiteRunnerWorker.runSuite(SuiteRunnerWorker.java:52)
at org.testng.SuiteRunnerWorker.run(SuiteRunnerWorker.java:84)
at org.testng.TestNG.runSuitesSequentially(TestNG.java:1208)
at org.testng.TestNG.runSuitesLocally(TestNG.java:1137)
at org.testng.TestNG.runSuites(TestNG.java:1049)
at org.testng.TestNG.run(TestNG.java:1017)
at org.apache.maven.surefire.testng.TestNGExecutor.run(TestNGExecutor.java:77)
at org.apache.maven.surefire.testng.TestNGDirectoryTestSuite.executeMulti(TestNGDirectoryTestSuite.java:159)
at org.apache.maven.surefire.testng.TestNGDirectoryTestSuite.execute(TestNGDirectoryTestSuite.java:99)
at org.apache.maven.surefire.testng.TestNGProvider.invoke(TestNGProvider.java:106)
at java.base/jdk.internal.reflect.NativeMethodAccessorImpl.invoke0(Native Method)
at java.base/jdk.internal.reflect.NativeMethodAccessorImpl.invoke(NativeMethodAccessorImpl.java:77)
at java.base/jdk.internal.reflect.DelegatingMethodAccessorImpl.invoke(DelegatingMethodAccessorImpl.java:43)
at java.base/java.lang.reflect.Method.invoke(Method.java:568)
at org.apache.maven.surefire.util.ReflectionUtils.invokeMethodWithArray(ReflectionUtils.java:189)
at org.apache.maven.surefire.booter.ProviderFactory$ProviderProxy.invoke(ProviderFactory.java:165)
at org.apache.maven.surefire.booter.ProviderFactory.invokeProvider(ProviderFactory.java:85)
at org.apache.maven.surefire.booter.ForkedBooter.runSuitesInProcess(ForkedBooter.java:115)
at org.apache.maven.surefire.booter.ForkedBooter.main(ForkedBooter.java:75)
]]>
            </full-stacktrace>
          </exception> <!-- org.openqa.selenium.StaleElementReferenceException -->
          <reporter-output>
          </reporter-output>
        </test-method> <!-- testAddTofAV -->
        <test-method is-config="true" signature="stopBrowser()[pri:0, instance:com.by.tests.AddToFavTest@543c6f6d]" started-at="2022-12-18T22:04:42Z" name="stopBrowser" finished-at="2022-12-18T22:04:44Z" duration-ms="1476" status="PASS">
          <reporter-output>
          </reporter-output>
        </test-method> <!-- stopBrowser -->
      </class> <!-- com.by.tests.AddToFavTest -->
      <class name="com.by.tests.ToTopTest">
        <test-method is-config="true" signature="setUp()[pri:0, instance:com.by.tests.ToTopTest@75881071]" started-at="2022-12-18T22:05:37Z" name="setUp" finished-at="2022-12-18T22:05:39Z" duration-ms="2473" status="PASS">
          <reporter-output>
          </reporter-output>
        </test-method> <!-- setUp -->
        <test-method signature="testToTopButton()[pri:0, instance:com.by.tests.ToTopTest@75881071]" started-at="2022-12-18T22:05:39Z" name="testToTopButton" finished-at="2022-12-18T22:05:42Z" duration-ms="2666" status="PASS">
          <reporter-output>
          </reporter-output>
        </test-method> <!-- testToTopButton -->
        <test-method is-config="true" signature="stopBrowser()[pri:0, instance:com.by.tests.ToTopTest@75881071]" started-at="2022-12-18T22:05:42Z" name="stopBrowser" finished-at="2022-12-18T22:05:42Z" duration-ms="697" status="PASS">
          <reporter-output>
          </reporter-output>
        </test-method> <!-- stopBrowser -->
      </class> <!-- com.by.tests.ToTopTest -->
      <class name="com.by.tests.PutProductInBucketTest">
        <test-method is-config="true" signature="setUp()[pri:0, instance:com.by.tests.PutProductInBucketTest@c81cdd1]" started-at="2022-12-18T22:05:21Z" name="setUp" finished-at="2022-12-18T22:05:24Z" duration-ms="2576" status="PASS">
          <reporter-output>
          </reporter-output>
        </test-method> <!-- setUp -->
        <test-method signature="testPutProductInBucket()[pri:0, instance:com.by.tests.PutProductInBucketTest@c81cdd1]" started-at="2022-12-18T22:05:24Z" name="testPutProductInBucket" finished-at="2022-12-18T22:05:29Z" duration-ms="5015" status="PASS">
          <reporter-output>
          </reporter-output>
        </test-method> <!-- testPutProductInBucket -->
        <test-method is-config="true" signature="stopBrowser()[pri:0, instance:com.by.tests.PutProductInBucketTest@c81cdd1]" started-at="2022-12-18T22:05:29Z" name="stopBrowser" finished-at="2022-12-18T22:05:29Z" duration-ms="613" status="PASS">
          <reporter-output>
          </reporter-output>
        </test-method> <!-- stopBrowser -->
      </class> <!-- com.by.tests.PutProductInBucketTest -->
    </test> <!-- Command line test -->
  </suite> <!-- Command line suite -->
</testng-results>
