<?xml version="1.0" encoding="UTF-8" ?>
<testsuite tests="7" failures="0" name="TestSuite" time="100.709" errors="0" skipped="0">
  <properties>
[...]
</properties>
  <testcase classname="com.by.tests.AddEqualsProductToCartTest" name="testAdditionTwoEqualsProductToCart" time="15.116"/>
  <testcase classname="com.by.tests.AddToCartTest" name="testAdditionToCart" time="12.291"/>
  <testcase classname="com.by.tests.CheckCalculateSumOfProductsInCartTest" name="testCalculateSumOfProductInCart" time="14.098"/>
  <testcase classname="com.by.tests.CheckFilterByBrandTest" name="testFilterByBrand" time="10.807"/>
  <testcase classname="com.by.tests.CheckRemoveProductTest" name="testRemovingProductFromCart" time="16.704"/>
  <testcase classname="com.by.tests.ContinueShoppingTest" name="testContinueShoppingWithHelpButton" time="11.532"/>
  <testcase classname="com.by.tests.SearchProductByNameTest" name="testSearchingByName" time="20.161"/>
</testsuite>